<?xml version="1.0" encoding="UTF-8"?>
<!-- Generated by org.testng.reporters.JUnitReportReporter -->
<testsuite hostname="CarinaE" name="CalculatorTest" tests="5" failures="0" timestamp="18 Oct 2016 18:40:44 GMT" time="0.504" errors="0">
  <testcase name="testDivideByZero" time="0.013" classname="CalculatorTest"/>
  <testcase name="testDivide" time="0.127" classname="CalculatorTest"/>
  <testcase name="testMultiply" time="0.069" classname="CalculatorTest"/>
  <testcase name="testAdd" time="0.134" classname="CalculatorTest"/>
  <testcase name="testSubtract" time="0.161" classname="CalculatorTest"/>
</testsuite> <!-- CalculatorTest -->
